<?xml version="1.0" encoding="UTF-8"?>
<robot generator="Robot 7.1.1 (Python 3.12.7 on linux)" generated="2024-11-11T21:27:37.885872" rpa="false" schemaversion="5">
<suite id="s1" name="Tests" source="/home/akseli/repos/webcounter-ohtu/src/tests">
<suite id="s1-s1" name="Increment" source="/home/akseli/repos/webcounter-ohtu/src/tests/increment.robot">
<kw name="Open And Configure Browser" owner="resource" type="SETUP">
<if>
<branch type="IF" condition="$BROWSER == 'chrome'">
<kw name="Evaluate" owner="BuiltIn">
<var>${options}</var>
<arg>sys.modules['selenium.webdriver'].ChromeOptions()</arg>
<arg>sys</arg>
<doc>Evaluates the given expression in Python and returns the result.</doc>
<status status="NOT RUN" start="2024-11-11T21:27:38.102170" elapsed="0.000026"/>
</kw>
<status status="NOT RUN" start="2024-11-11T21:27:38.101764" elapsed="0.000486"/>
</branch>
<branch type="ELSE IF" condition="$BROWSER == 'firefox'">
<kw name="Evaluate" owner="BuiltIn">
<msg time="2024-11-11T21:27:38.102613" level="INFO">${options} = &lt;selenium.webdriver.firefox.options.Options object at 0x7f71e98b1100&gt;</msg>
<var>${options}</var>
<arg>sys.modules['selenium.webdriver'].FirefoxOptions()</arg>
<arg>sys</arg>
<doc>Evaluates the given expression in Python and returns the result.</doc>
<status status="PASS" start="2024-11-11T21:27:38.102417" elapsed="0.000219"/>
</kw>
<status status="PASS" start="2024-11-11T21:27:38.102283" elapsed="0.000391"/>
</branch>
<status status="PASS" start="2024-11-11T21:27:38.101746" elapsed="0.000956"/>
</if>
<if>
<branch type="IF" condition="$HEADLESS == 'true'">
<kw name="Set Selenium Speed" owner="SeleniumLibrary">
<arg>0</arg>
<doc>Sets the delay that is waited after each Selenium command.</doc>
<status status="NOT RUN" start="2024-11-11T21:27:38.102887" elapsed="0.000019"/>
</kw>
<kw name="Call Method" owner="BuiltIn">
<arg>${options}</arg>
<arg>add_argument</arg>
<arg>--headless</arg>
<doc>Calls the named method of the given object with the provided arguments.</doc>
<status status="NOT RUN" start="2024-11-11T21:27:38.102965" elapsed="0.000015"/>
</kw>
<status status="NOT RUN" start="2024-11-11T21:27:38.102766" elapsed="0.000238"/>
</branch>
<branch type="ELSE">
<kw name="Set Selenium Speed" owner="SeleniumLibrary">
<arg>${DELAY}</arg>
<doc>Sets the delay that is waited after each Selenium command.</doc>
<status status="PASS" start="2024-11-11T21:27:38.103077" elapsed="0.000170"/>
</kw>
<status status="PASS" start="2024-11-11T21:27:38.103024" elapsed="0.000254"/>
</branch>
<status status="PASS" start="2024-11-11T21:27:38.102756" elapsed="0.000542"/>
</if>
<kw name="Open Browser" owner="SeleniumLibrary">
<msg time="2024-11-11T21:27:38.103532" level="INFO">Opening browser 'firefox' to base url 'None'.</msg>
<arg>browser=${BROWSER}</arg>
<arg>options=${options}</arg>
<doc>Opens a new browser instance to the optional ``url``.</doc>
<status status="PASS" start="2024-11-11T21:27:38.103360" elapsed="1.831218"/>
</kw>
<status status="PASS" start="2024-11-11T21:27:38.101604" elapsed="1.833108"/>
</kw>
<test id="s1-s1-t1" name="At start the counter is zero" line="7">
<kw name="Go To" owner="SeleniumLibrary">
<msg time="2024-11-11T21:27:39.935399" level="INFO">Opening url 'http://localhost:5001'</msg>
<arg>${HOME_URL}</arg>
<doc>Navigates the current browser window to the provided ``url``.</doc>
<status status="PASS" start="2024-11-11T21:27:39.935236" elapsed="0.634680"/>
</kw>
<kw name="Title Should Be" owner="SeleniumLibrary">
<msg time="2024-11-11T21:27:41.076263" level="INFO">Page title is 'Laskuri'.</msg>
<arg>Laskuri</arg>
<doc>Verifies that the current page title equals ``title``.</doc>
<status status="PASS" start="2024-11-11T21:27:40.570791" elapsed="0.505841"/>
</kw>
<kw name="Page Should Contain" owner="SeleniumLibrary">
<msg time="2024-11-11T21:27:42.104879" level="INFO">Current page contains text 'nappia painettu 0 kertaa'.</msg>
<arg>nappia painettu 0 kertaa</arg>
<doc>Verifies that current page contains ``text``.</doc>
<status status="PASS" start="2024-11-11T21:27:41.077219" elapsed="1.028035"/>
</kw>
<status status="PASS" start="2024-11-11T21:27:39.934807" elapsed="2.171254"/>
</test>
<test id="s1-s1-t2" name="When button pressed twice the counter is two" line="12">
<kw name="Go To" owner="SeleniumLibrary">
<msg time="2024-11-11T21:27:42.108903" level="INFO">Opening url 'http://localhost:5001'</msg>
<arg>${HOME_URL}</arg>
<doc>Navigates the current browser window to the provided ``url``.</doc>
<status status="PASS" start="2024-11-11T21:27:42.108465" elapsed="0.547850"/>
</kw>
<kw name="Click Button" owner="SeleniumLibrary">
<msg time="2024-11-11T21:27:42.658232" level="INFO">Clicking button 'Paina'.</msg>
<arg>Paina</arg>
<doc>Clicks the button identified by ``locator``.</doc>
<status status="PASS" start="2024-11-11T21:27:42.657165" elapsed="1.565476"/>
</kw>
<kw name="Click Button" owner="SeleniumLibrary">
<msg time="2024-11-11T21:27:44.224465" level="INFO">Clicking button 'Paina'.</msg>
<arg>Paina</arg>
<doc>Clicks the button identified by ``locator``.</doc>
<status status="PASS" start="2024-11-11T21:27:44.223529" elapsed="1.551841"/>
</kw>
<kw name="Page Should Contain" owner="SeleniumLibrary">
<msg time="2024-11-11T21:27:46.787728" level="INFO">Current page contains text 'nappia painettu 2 kertaa'.</msg>
<arg>nappia painettu 2 kertaa</arg>
<doc>Verifies that current page contains ``text``.</doc>
<status status="PASS" start="2024-11-11T21:27:45.776133" elapsed="1.011936"/>
</kw>
<status status="PASS" start="2024-11-11T21:27:42.107029" elapsed="4.681763"/>
</test>
<kw name="Close Browser" owner="SeleniumLibrary" type="TEARDOWN">
<doc>Closes the current browser.</doc>
<status status="PASS" start="2024-11-11T21:27:46.790450" elapsed="1.059229"/>
</kw>
<status status="PASS" start="2024-11-11T21:27:37.917589" elapsed="9.932219"/>
</suite>
<status status="PASS" start="2024-11-11T21:27:37.886433" elapsed="9.964245"/>
</suite>
<statistics>
<total>
<stat pass="2" fail="0" skip="0">All Tests</stat>
</total>
<tag>
</tag>
<suite>
<stat pass="2" fail="0" skip="0" id="s1" name="Tests">Tests</stat>
<stat pass="2" fail="0" skip="0" id="s1-s1" name="Increment">Tests.Increment</stat>
</suite>
</statistics>
<errors>
</errors>
</robot>
