<?xml version="1.0" encoding="UTF-8"?>
<robot generator="Robot 7.1.1 (Python 3.12.7 on linux)" generated="2024-11-14T09:57:06.803394" rpa="false" schemaversion="5">
<suite id="s1" name="Tests" source="/home/akseli/repos/webcounter-ohtu/src/tests">
<suite id="s1-s1" name="Increment" source="/home/akseli/repos/webcounter-ohtu/src/tests/increment.robot">
<kw name="Open And Configure Browser" owner="resource" type="SETUP">
<if>
<branch type="IF" condition="$BROWSER == 'chrome'">
<kw name="Evaluate" owner="BuiltIn">
<var>${options}</var>
<arg>sys.modules['selenium.webdriver'].ChromeOptions()</arg>
<arg>sys</arg>
<doc>Evaluates the given expression in Python and returns the result.</doc>
<status status="NOT RUN" start="2024-11-14T09:57:06.908133" elapsed="0.000029"/>
</kw>
<status status="NOT RUN" start="2024-11-14T09:57:06.907713" elapsed="0.000506"/>
</branch>
<branch type="ELSE IF" condition="$BROWSER == 'firefox'">
<kw name="Evaluate" owner="BuiltIn">
<msg time="2024-11-14T09:57:06.908596" level="INFO">${options} = &lt;selenium.webdriver.firefox.options.Options object at 0x7f1eca2efe00&gt;</msg>
<var>${options}</var>
<arg>sys.modules['selenium.webdriver'].FirefoxOptions()</arg>
<arg>sys</arg>
<doc>Evaluates the given expression in Python and returns the result.</doc>
<status status="PASS" start="2024-11-14T09:57:06.908408" elapsed="0.000211"/>
</kw>
<status status="PASS" start="2024-11-14T09:57:06.908252" elapsed="0.000402"/>
</branch>
<status status="PASS" start="2024-11-14T09:57:06.907694" elapsed="0.000985"/>
</if>
<if>
<branch type="IF" condition="$HEADLESS == 'true'">
<kw name="Set Selenium Speed" owner="SeleniumLibrary">
<arg>0</arg>
<doc>Sets the delay that is waited after each Selenium command.</doc>
<status status="NOT RUN" start="2024-11-14T09:57:06.908828" elapsed="0.000080"/>
</kw>
<kw name="Call Method" owner="BuiltIn">
<arg>${options}</arg>
<arg>add_argument</arg>
<arg>--headless</arg>
<doc>Calls the named method of the given object with the provided arguments.</doc>
<status status="NOT RUN" start="2024-11-14T09:57:06.908973" elapsed="0.000015"/>
</kw>
<status status="NOT RUN" start="2024-11-14T09:57:06.908716" elapsed="0.000298"/>
</branch>
<branch type="ELSE">
<kw name="Set Selenium Speed" owner="SeleniumLibrary">
<arg>${DELAY}</arg>
<doc>Sets the delay that is waited after each Selenium command.</doc>
<status status="PASS" start="2024-11-14T09:57:06.909089" elapsed="0.000154"/>
</kw>
<status status="PASS" start="2024-11-14T09:57:06.909034" elapsed="0.000237"/>
</branch>
<status status="PASS" start="2024-11-14T09:57:06.908706" elapsed="0.000586"/>
</if>
<kw name="Open Browser" owner="SeleniumLibrary">
<msg time="2024-11-14T09:57:06.909529" level="INFO">Opening browser 'firefox' to base url 'None'.</msg>
<arg>browser=${BROWSER}</arg>
<arg>options=${options}</arg>
<doc>Opens a new browser instance to the optional ``url``.</doc>
<status status="PASS" start="2024-11-14T09:57:06.909367" elapsed="1.654122"/>
</kw>
<status status="PASS" start="2024-11-14T09:57:06.907548" elapsed="1.656103"/>
</kw>
<test id="s1-s1-t1" name="At start the counter is zero" line="7">
<kw name="Go To" owner="SeleniumLibrary">
<msg time="2024-11-14T09:57:08.564517" level="INFO">Opening url 'http://localhost:5001'</msg>
<arg>${HOME_URL}</arg>
<doc>Navigates the current browser window to the provided ``url``.</doc>
<status status="PASS" start="2024-11-14T09:57:08.564318" elapsed="0.608934"/>
</kw>
<kw name="Title Should Be" owner="SeleniumLibrary">
<msg time="2024-11-14T09:57:09.679074" level="INFO">Page title is 'Laskuri'.</msg>
<arg>Laskuri</arg>
<doc>Verifies that the current page title equals ``title``.</doc>
<status status="PASS" start="2024-11-14T09:57:09.173934" elapsed="0.505512"/>
</kw>
<kw name="Page Should Contain" owner="SeleniumLibrary">
<msg time="2024-11-14T09:57:10.710099" level="INFO">Current page contains text 'nappia painettu 0 kertaa'.</msg>
<arg>nappia painettu 0 kertaa</arg>
<doc>Verifies that current page contains ``text``.</doc>
<status status="PASS" start="2024-11-14T09:57:09.680241" elapsed="1.030231"/>
</kw>
<status status="PASS" start="2024-11-14T09:57:08.563787" elapsed="2.147521"/>
</test>
<test id="s1-s1-t2" name="When button pressed twice the counter is two" line="12">
<kw name="Go To" owner="SeleniumLibrary">
<msg time="2024-11-14T09:57:10.714486" level="INFO">Opening url 'http://localhost:5001'</msg>
<arg>${HOME_URL}</arg>
<doc>Navigates the current browser window to the provided ``url``.</doc>
<status status="PASS" start="2024-11-14T09:57:10.713963" elapsed="0.535699"/>
</kw>
<kw name="Click Button" owner="SeleniumLibrary">
<msg time="2024-11-14T09:57:11.251559" level="INFO">Clicking button 'Paina'.</msg>
<arg>Paina</arg>
<doc>Clicks the button identified by ``locator``.</doc>
<status status="PASS" start="2024-11-14T09:57:11.250486" elapsed="1.573054"/>
</kw>
<kw name="Click Button" owner="SeleniumLibrary">
<msg time="2024-11-14T09:57:12.825005" level="INFO">Clicking button 'Paina'.</msg>
<arg>Paina</arg>
<doc>Clicks the button identified by ``locator``.</doc>
<status status="PASS" start="2024-11-14T09:57:12.824400" elapsed="1.560065"/>
</kw>
<kw name="Page Should Contain" owner="SeleniumLibrary">
<msg time="2024-11-14T09:57:15.401044" level="INFO">Current page contains text 'nappia painettu 2 kertaa'.</msg>
<arg>nappia painettu 2 kertaa</arg>
<doc>Verifies that current page contains ``text``.</doc>
<status status="PASS" start="2024-11-14T09:57:14.385370" elapsed="1.016131"/>
</kw>
<status status="PASS" start="2024-11-14T09:57:10.712390" elapsed="4.690123"/>
</test>
<kw name="Close Browser" owner="SeleniumLibrary" type="TEARDOWN">
<doc>Closes the current browser.</doc>
<status status="PASS" start="2024-11-14T09:57:15.404557" elapsed="0.944508"/>
</kw>
<status status="PASS" start="2024-11-14T09:57:06.820869" elapsed="9.528332"/>
</suite>
<suite id="s1-s2" name="Reset" source="/home/akseli/repos/webcounter-ohtu/src/tests/reset.robot">
<kw name="Open And Configure Browser" owner="resource" type="SETUP">
<if>
<branch type="IF" condition="$BROWSER == 'chrome'">
<kw name="Evaluate" owner="BuiltIn">
<var>${options}</var>
<arg>sys.modules['selenium.webdriver'].ChromeOptions()</arg>
<arg>sys</arg>
<doc>Evaluates the given expression in Python and returns the result.</doc>
<status status="NOT RUN" start="2024-11-14T09:57:16.354340" elapsed="0.000050"/>
</kw>
<status status="NOT RUN" start="2024-11-14T09:57:16.353662" elapsed="0.000806"/>
</branch>
<branch type="ELSE IF" condition="$BROWSER == 'firefox'">
<kw name="Evaluate" owner="BuiltIn">
<msg time="2024-11-14T09:57:16.355140" level="INFO">${options} = &lt;selenium.webdriver.firefox.options.Options object at 0x7f1eca139310&gt;</msg>
<var>${options}</var>
<arg>sys.modules['selenium.webdriver'].FirefoxOptions()</arg>
<arg>sys</arg>
<doc>Evaluates the given expression in Python and returns the result.</doc>
<status status="PASS" start="2024-11-14T09:57:16.354780" elapsed="0.000401"/>
</kw>
<status status="PASS" start="2024-11-14T09:57:16.354520" elapsed="0.000729"/>
</branch>
<status status="PASS" start="2024-11-14T09:57:16.353626" elapsed="0.001678"/>
</if>
<if>
<branch type="IF" condition="$HEADLESS == 'true'">
<kw name="Set Selenium Speed" owner="SeleniumLibrary">
<arg>0</arg>
<doc>Sets the delay that is waited after each Selenium command.</doc>
<status status="NOT RUN" start="2024-11-14T09:57:16.355592" elapsed="0.000035"/>
</kw>
<kw name="Call Method" owner="BuiltIn">
<arg>${options}</arg>
<arg>add_argument</arg>
<arg>--headless</arg>
<doc>Calls the named method of the given object with the provided arguments.</doc>
<status status="NOT RUN" start="2024-11-14T09:57:16.355747" elapsed="0.000045"/>
</kw>
<status status="NOT RUN" start="2024-11-14T09:57:16.355374" elapsed="0.000470"/>
</branch>
<branch type="ELSE">
<kw name="Set Selenium Speed" owner="SeleniumLibrary">
<arg>${DELAY}</arg>
<doc>Sets the delay that is waited after each Selenium command.</doc>
<status status="PASS" start="2024-11-14T09:57:16.355996" elapsed="0.000315"/>
</kw>
<status status="PASS" start="2024-11-14T09:57:16.355886" elapsed="0.000486"/>
</branch>
<status status="PASS" start="2024-11-14T09:57:16.355356" elapsed="0.001064"/>
</if>
<kw name="Open Browser" owner="SeleniumLibrary">
<msg time="2024-11-14T09:57:16.357000" level="INFO">Opening browser 'firefox' to base url 'None'.</msg>
<arg>browser=${BROWSER}</arg>
<arg>options=${options}</arg>
<doc>Opens a new browser instance to the optional ``url``.</doc>
<status status="PASS" start="2024-11-14T09:57:16.356641" elapsed="1.523540"/>
</kw>
<status status="PASS" start="2024-11-14T09:57:16.353361" elapsed="1.526972"/>
</kw>
<test id="s1-s2-t1" name="When counter has a nonzero value and it is reset the value becomes zero" line="7">
<kw name="Go To" owner="SeleniumLibrary">
<msg time="2024-11-14T09:57:17.881064" level="INFO">Opening url 'http://localhost:5001'</msg>
<arg>${HOME_URL}</arg>
<doc>Navigates the current browser window to the provided ``url``.</doc>
<status status="PASS" start="2024-11-14T09:57:17.880926" elapsed="0.593064"/>
</kw>
<kw name="Click Button" owner="SeleniumLibrary">
<msg time="2024-11-14T09:57:18.474355" level="INFO">Clicking button 'Nollaa'.</msg>
<arg>Nollaa</arg>
<doc>Clicks the button identified by ``locator``.</doc>
<status status="PASS" start="2024-11-14T09:57:18.474202" elapsed="1.592771"/>
</kw>
<kw name="Page Should Contain" owner="SeleniumLibrary">
<msg time="2024-11-14T09:57:21.079939" level="INFO">Current page contains text 'nappia painettu 0 kertaa'.</msg>
<arg>nappia painettu 0 kertaa</arg>
<doc>Verifies that current page contains ``text``.</doc>
<status status="PASS" start="2024-11-14T09:57:20.067295" elapsed="1.012998"/>
</kw>
<status status="PASS" start="2024-11-14T09:57:17.880445" elapsed="3.200522"/>
</test>
<kw name="Close Browser" owner="SeleniumLibrary" type="TEARDOWN">
<doc>Closes the current browser.</doc>
<status status="PASS" start="2024-11-14T09:57:21.082039" elapsed="1.034999"/>
</kw>
<status status="PASS" start="2024-11-14T09:57:16.350125" elapsed="5.767099"/>
</suite>
<status status="PASS" start="2024-11-14T09:57:06.803998" elapsed="15.314376"/>
</suite>
<statistics>
<total>
<stat pass="3" fail="0" skip="0">All Tests</stat>
</total>
<tag>
</tag>
<suite>
<stat pass="3" fail="0" skip="0" id="s1" name="Tests">Tests</stat>
<stat pass="2" fail="0" skip="0" id="s1-s1" name="Increment">Tests.Increment</stat>
<stat pass="1" fail="0" skip="0" id="s1-s2" name="Reset">Tests.Reset</stat>
</suite>
</statistics>
<errors>
</errors>
</robot>
